[0.857s] Invoking command in '/home/jorge/Documentos/GitHub/RobotsAereosYSubmarinos/proyecto_drone/ros2_ws/src/drone_project': DEBUGINFOD_URLS=ima:enforcing https://debuginfod.fedoraproject.org/ ima:ignore PYTHONPATH=/home/jorge/Documentos/GitHub/RobotsAereosYSubmarinos/proyecto_drone/ros2_ws/build/drone_project/prefix_override:/usr/lib/python3/dist-packages/colcon_core/task/python/colcon_distutils_commands:/home/jorge/Documentos/GitHub/RobotsAereosYSubmarinos/proyecto_drone/ros2_ws/install/drone_project/lib/python3.12/site-packages:${PYTHONPATH} /usr/bin/python3 -W ignore:setup.py install is deprecated -W ignore:easy_install command is deprecated setup.py egg_info --egg-base ../../build/drone_project build --build-base /home/jorge/Documentos/GitHub/RobotsAereosYSubmarinos/proyecto_drone/ros2_ws/build/drone_project/build install --record /home/jorge/Documentos/GitHub/RobotsAereosYSubmarinos/proyecto_drone/ros2_ws/build/drone_project/install.log --single-version-externally-managed install_data
[1.080s] running egg_info
[1.093s] writing ../../build/drone_project/drone_project.egg-info/PKG-INFO
[1.093s] writing dependency_links to ../../build/drone_project/drone_project.egg-info/dependency_links.txt
[1.093s] writing entry points to ../../build/drone_project/drone_project.egg-info/entry_points.txt
[1.093s] writing requirements to ../../build/drone_project/drone_project.egg-info/requires.txt
[1.094s] writing top-level names to ../../build/drone_project/drone_project.egg-info/top_level.txt
[1.124s] reading manifest file '../../build/drone_project/drone_project.egg-info/SOURCES.txt'
[1.124s] adding license file 'LICENSE'
[1.125s] writing manifest file '../../build/drone_project/drone_project.egg-info/SOURCES.txt'
[1.125s] running build
[1.125s] running build_py
[1.125s] copying drone_project/isaac_json_backend.py -> /home/jorge/Documentos/GitHub/RobotsAereosYSubmarinos/proyecto_drone/ros2_ws/build/drone_project/build/lib/drone_project
[1.125s] running install
[1.130s] running install_lib
[1.146s] copying /home/jorge/Documentos/GitHub/RobotsAereosYSubmarinos/proyecto_drone/ros2_ws/build/drone_project/build/lib/drone_project/isaac_json_backend.py -> /home/jorge/Documentos/GitHub/RobotsAereosYSubmarinos/proyecto_drone/ros2_ws/install/drone_project/lib/python3.12/site-packages/drone_project
[1.147s] byte-compiling /home/jorge/Documentos/GitHub/RobotsAereosYSubmarinos/proyecto_drone/ros2_ws/install/drone_project/lib/python3.12/site-packages/drone_project/isaac_json_backend.py to isaac_json_backend.cpython-312.pyc
[1.149s] running install_data
[1.149s] running install_egg_info
[1.165s] removing '/home/jorge/Documentos/GitHub/RobotsAereosYSubmarinos/proyecto_drone/ros2_ws/install/drone_project/lib/python3.12/site-packages/drone_project-0.0.0-py3.12.egg-info' (and everything under it)
[1.166s] Copying ../../build/drone_project/drone_project.egg-info to /home/jorge/Documentos/GitHub/RobotsAereosYSubmarinos/proyecto_drone/ros2_ws/install/drone_project/lib/python3.12/site-packages/drone_project-0.0.0-py3.12.egg-info
[1.167s] running install_scripts
[1.273s] Installing interface_node script to /home/jorge/Documentos/GitHub/RobotsAereosYSubmarinos/proyecto_drone/ros2_ws/install/drone_project/lib/drone_project
[1.274s] Installing isaac_ardu_bridge script to /home/jorge/Documentos/GitHub/RobotsAereosYSubmarinos/proyecto_drone/ros2_ws/install/drone_project/lib/drone_project
[1.274s] Installing isaac_json_backend script to /home/jorge/Documentos/GitHub/RobotsAereosYSubmarinos/proyecto_drone/ros2_ws/install/drone_project/lib/drone_project
[1.274s] Installing mission_control_node script to /home/jorge/Documentos/GitHub/RobotsAereosYSubmarinos/proyecto_drone/ros2_ws/install/drone_project/lib/drone_project
[1.274s] writing list of installed files to '/home/jorge/Documentos/GitHub/RobotsAereosYSubmarinos/proyecto_drone/ros2_ws/build/drone_project/install.log'
[1.311s] Invoked command in '/home/jorge/Documentos/GitHub/RobotsAereosYSubmarinos/proyecto_drone/ros2_ws/src/drone_project' returned '0': DEBUGINFOD_URLS=ima:enforcing https://debuginfod.fedoraproject.org/ ima:ignore PYTHONPATH=/home/jorge/Documentos/GitHub/RobotsAereosYSubmarinos/proyecto_drone/ros2_ws/build/drone_project/prefix_override:/usr/lib/python3/dist-packages/colcon_core/task/python/colcon_distutils_commands:/home/jorge/Documentos/GitHub/RobotsAereosYSubmarinos/proyecto_drone/ros2_ws/install/drone_project/lib/python3.12/site-packages:${PYTHONPATH} /usr/bin/python3 -W ignore:setup.py install is deprecated -W ignore:easy_install command is deprecated setup.py egg_info --egg-base ../../build/drone_project build --build-base /home/jorge/Documentos/GitHub/RobotsAereosYSubmarinos/proyecto_drone/ros2_ws/build/drone_project/build install --record /home/jorge/Documentos/GitHub/RobotsAereosYSubmarinos/proyecto_drone/ros2_ws/build/drone_project/install.log --single-version-externally-managed install_data
