[0.000000] (-) TimerEvent: {}
[0.000237] (drone_project) JobQueued: {'identifier': 'drone_project', 'dependencies': OrderedDict()}
[0.000409] (drone_project) JobStarted: {'identifier': 'drone_project'}
[0.099868] (-) TimerEvent: {}
[0.200255] (-) TimerEvent: {}
[0.300694] (-) TimerEvent: {}
[0.401082] (-) TimerEvent: {}
[0.501470] (-) TimerEvent: {}
[0.601875] (-) TimerEvent: {}
[0.702287] (-) TimerEvent: {}
[0.739331] (drone_project) Command: {'cmd': ['/usr/bin/python3', '-W', 'ignore:setup.py install is deprecated', '-W', 'ignore:easy_install command is deprecated', 'setup.py', 'egg_info', '--egg-base', '../../build/drone_project', 'build', '--build-base', '/home/jorge/Documentos/GitHub/RobotsAereosYSubmarinos/proyecto_drone/ros2_ws/build/drone_project/build', 'install', '--record', '/home/jorge/Documentos/GitHub/RobotsAereosYSubmarinos/proyecto_drone/ros2_ws/build/drone_project/install.log', '--single-version-externally-managed', 'install_data'], 'cwd': '/home/jorge/Documentos/GitHub/RobotsAereosYSubmarinos/proyecto_drone/ros2_ws/src/drone_project', 'env': {'GJS_DEBUG_TOPICS': 'JS ERROR;JS LOG', 'LESSOPEN': '||/usr/bin/lesspipe.sh %s', 'MAIL': '/var/spool/mail/jorge', 'GZ_SIM_RESOURCE_PATH': '/opt/ros/jazzy/share', 'USER': 'jorge', 'GZ_CONFIG_PATH': '/opt/ros/jazzy/opt/gz_sim_vendor/share/gz:/opt/ros/jazzy/opt/sdformat_vendor/share/gz:/opt/ros/jazzy/opt/gz_gui_vendor/share/gz:/opt/ros/jazzy/opt/gz_transport_vendor/share/gz:/opt/ros/jazzy/opt/gz_rendering_vendor/share/gz:/opt/ros/jazzy/opt/gz_plugin_vendor/share/gz:/opt/ros/jazzy/opt/gz_fuel_tools_vendor/share/gz:/opt/ros/jazzy/opt/gz_msgs_vendor/share/gz:/opt/ros/jazzy/opt/gz_common_vendor/share/gz', 'HOSTNAME': 'Jorge', 'XDG_SESSION_TYPE': 'wayland', 'PTYXIS_VERSION': '49.2', 'XDG_CACHE_HOME': '/home/jorge/.cache', 'SHLVL': '3', 'LD_LIBRARY_PATH': '/opt/ros/jazzy/opt/gz_sim_vendor/lib:/opt/ros/jazzy/opt/gz_sensors_vendor/lib:/opt/ros/jazzy/opt/gz_physics_vendor/lib:/opt/ros/jazzy/opt/sdformat_vendor/lib:/opt/ros/jazzy/opt/rviz_ogre_vendor/lib:/opt/ros/jazzy/lib/x86_64-linux-gnu:/opt/ros/jazzy/opt/gz_gui_vendor/lib:/opt/ros/jazzy/opt/gz_transport_vendor/lib:/opt/ros/jazzy/opt/gz_rendering_vendor/lib:/opt/ros/jazzy/opt/gz_plugin_vendor/lib:/opt/ros/jazzy/opt/gz_fuel_tools_vendor/lib:/opt/ros/jazzy/opt/gz_msgs_vendor/lib:/opt/ros/jazzy/opt/gz_common_vendor/lib:/opt/ros/jazzy/opt/gz_math_vendor/lib:/opt/ros/jazzy/opt/gz_utils_vendor/lib:/opt/ros/jazzy/opt/gz_tools_vendor/lib:/opt/ros/jazzy/opt/gz_ogre_next_vendor/lib:/opt/ros/jazzy/opt/gz_dartsim_vendor/lib:/opt/ros/jazzy/opt/gz_cmake_vendor/lib:/opt/ros/jazzy/lib', 'HOME': '/home/jorge', 'OLDPWD': '/home/jorge', 'DESKTOP_SESSION': 'gnome', 'GIO_LAUNCHED_DESKTOP_FILE': '/home/jorge/.local/share/applications/ubuntu_drone.desktop', 'ROS_PYTHON_VERSION': '3', 'PS1': '\\[\\e]133;D;$?\\e\\\\\\e]133;A\\e\\\\\\]📦[\\u@ubuntu_drone \\W]$ \\[\\e]133;B\\e\\\\\\]', 'MANAGERPID': '18756', 'DISTROBOX_ENTER_PATH': '/usr/bin/distrobox-enter', 'SYSTEMD_EXEC_PID': '19080', 'XDG_STATE_HOME': '/home/jorge/.local/state', 'DBUS_SESSION_BUS_ADDRESS': 'unix:path=/run/user/1000/bus', 'COLORTERM': 'truecolor', 'container': 'podman', 'GIO_LAUNCHED_DESKTOP_FILE_PID': '27114', 'MOZ_GMP_PATH': '/usr/lib64/mozilla/plugins/gmp-gmpopenh264/system-installed', 'DEBUGINFOD_URLS': 'ima:enforcing https://debuginfod.fedoraproject.org/ ima:ignore', 'WAYLAND_DISPLAY': 'wayland-0', 'COLCON_PREFIX_PATH': '/home/jorge/Documentos/GitHub/RobotsAereosYSubmarinos/proyecto_drone/ros2_ws/install', 'ROS_DISTRO': 'jazzy', 'LOGNAME': 'jorge', 'MANAGERPIDFDID': '18757', 'JOURNAL_STREAM': '9:114228', '_': '/usr/bin/colcon', 'ROS_VERSION': '2', 'MEMORY_PRESSURE_WATCH': '/sys/fs/cgroup/user.slice/user-1000.slice/user@1000.service/session.slice/org.gnome.Shell@wayland.service/memory.pressure', 'XDG_SESSION_CLASS': 'user', 'TERMINFO_DIRS': '/usr/share/terminfo:/run/host/usr/share/terminfo', 'USERNAME': 'jorge', 'TERM': 'xterm-256color', 'HISTCONTROL': 'ignoredups', 'FLATPAK_TTY_PROGRESS': '1', 'PATH': '/opt/ros/jazzy/opt/gz_msgs_vendor/bin:/opt/ros/jazzy/opt/gz_tools_vendor/bin:/opt/ros/jazzy/opt/gz_ogre_next_vendor/bin:/opt/ros/jazzy/bin:/home/jorge/.local/bin:/home/jorge/bin:/usr/local/bin:/usr/bin:/usr/local/sbin:/usr/local/bin:/usr/sbin:/usr/bin:/sbin:/bin:/usr/local/sbin:/usr/sbin:/sbin:/bin', 'GDM_LANG': 'es_ES.UTF-8', 'INVOCATION_ID': '38798467d0604d679e433614fa7a1fc6', 'XDG_MENU_PREFIX': 'gnome-', 'PTYXIS_PROFILE': '432cde8258326c7a4185d4096939f04e', 'GNOME_SETUP_DISPLAY': ':1', 'XDG_RUNTIME_DIR': '/run/user/1000', 'DISPLAY': ':0', 'HISTSIZE': '1000', 'LANG': 'es_ES.UTF-8', 'XDG_CURRENT_DESKTOP': 'GNOME', 'XDG_DATA_HOME': '/home/jorge/.local/share', 'XDG_CONFIG_HOME': '/home/jorge/.config', 'XMODIFIERS': '@im=ibus', 'XDG_SESSION_DESKTOP': 'gnome', 'XAUTHORITY': '/run/user/1000/.mutter-Xwaylandauth.M94JK3', 'SSH_AUTH_SOCK': '/run/user/1000/gcr/ssh', 'AMENT_PREFIX_PATH': '/home/jorge/Documentos/GitHub/RobotsAereosYSubmarinos/proyecto_drone/ros2_ws/install/drone_project:/opt/ros/jazzy', 'SHELL': '/usr/bin/bash', 'GDMSESSION': 'gnome', 'GJS_DEBUG_OUTPUT': 'stderr', 'ROS_AUTOMATIC_DISCOVERY_RANGE': 'SUBNET', 'QT_IM_MODULE': 'ibus', 'DEBUGINFOD_IMA_CERT_PATH': '/etc/keys/ima:', 'PWD': '/home/jorge/Documentos/GitHub/RobotsAereosYSubmarinos/proyecto_drone/ros2_ws/build/drone_project', 'CONTAINER_ID': 'ubuntu_drone', 'XDG_CONFIG_DIRS': '/etc/xdg', 'XDG_DATA_DIRS': '/home/jorge/.local/share/flatpak/exports/share:/var/lib/flatpak/exports/share:/usr/local/share/:/usr/share/:/usr/local/share:/usr/share', 'PYTHONPATH': '/home/jorge/Documentos/GitHub/RobotsAereosYSubmarinos/proyecto_drone/ros2_ws/build/drone_project/prefix_override:/usr/lib/python3/dist-packages/colcon_core/task/python/colcon_distutils_commands:/home/jorge/Documentos/GitHub/RobotsAereosYSubmarinos/proyecto_drone/ros2_ws/install/drone_project/lib/python3.12/site-packages:/home/jorge/Documentos/GitHub/RobotsAereosYSubmarinos/proyecto_drone/ros2_ws/install/drone_project/lib/python3.12/site-packages:/opt/ros/jazzy/lib/python3.12/site-packages', 'COLCON': '1', 'QT_IM_MODULES': 'wayland;ibus', 'MEMORY_PRESSURE_WRITE': 'c29tZSAyMDAwMDAgMjAwMDAwMAA=', 'VTE_VERSION': '8203', 'EDITOR': '/usr/bin/nano', 'CMAKE_PREFIX_PATH': '/opt/ros/jazzy/opt/gz_sim_vendor:/opt/ros/jazzy/opt/gz_sensors_vendor:/opt/ros/jazzy/opt/gz_physics_vendor:/opt/ros/jazzy/opt/sdformat_vendor:/opt/ros/jazzy/opt/gz_gui_vendor:/opt/ros/jazzy/opt/gz_transport_vendor:/opt/ros/jazzy/opt/gz_rendering_vendor:/opt/ros/jazzy/opt/gz_plugin_vendor:/opt/ros/jazzy/opt/gz_fuel_tools_vendor:/opt/ros/jazzy/opt/gz_msgs_vendor:/opt/ros/jazzy/opt/gz_common_vendor:/opt/ros/jazzy/opt/gz_math_vendor:/opt/ros/jazzy/opt/gz_utils_vendor:/opt/ros/jazzy/opt/gz_tools_vendor:/opt/ros/jazzy/opt/gz_ogre_next_vendor:/opt/ros/jazzy/opt/gz_dartsim_vendor:/opt/ros/jazzy/opt/gz_cmake_vendor'}, 'shell': False}
[0.802396] (-) TimerEvent: {}
[0.902749] (-) TimerEvent: {}
[0.959822] (drone_project) StdoutLine: {'line': b'running egg_info\n'}
[0.972485] (drone_project) StdoutLine: {'line': b'writing ../../build/drone_project/drone_project.egg-info/PKG-INFO\n'}
[0.972734] (drone_project) StdoutLine: {'line': b'writing dependency_links to ../../build/drone_project/drone_project.egg-info/dependency_links.txt\n'}
[0.972940] (drone_project) StdoutLine: {'line': b'writing entry points to ../../build/drone_project/drone_project.egg-info/entry_points.txt\n'}
[0.973093] (drone_project) StdoutLine: {'line': b'writing requirements to ../../build/drone_project/drone_project.egg-info/requires.txt\n'}
[0.973205] (drone_project) StdoutLine: {'line': b'writing top-level names to ../../build/drone_project/drone_project.egg-info/top_level.txt\n'}
[1.002831] (-) TimerEvent: {}
[1.003561] (drone_project) StdoutLine: {'line': b"reading manifest file '../../build/drone_project/drone_project.egg-info/SOURCES.txt'\n"}
[1.003818] (drone_project) StdoutLine: {'line': b"adding license file 'LICENSE'\n"}
[1.004278] (drone_project) StdoutLine: {'line': b"writing manifest file '../../build/drone_project/drone_project.egg-info/SOURCES.txt'\n"}
[1.004373] (drone_project) StdoutLine: {'line': b'running build\n'}
[1.004439] (drone_project) StdoutLine: {'line': b'running build_py\n'}
[1.004751] (drone_project) StdoutLine: {'line': b'copying drone_project/isaac_json_backend.py -> /home/jorge/Documentos/GitHub/RobotsAereosYSubmarinos/proyecto_drone/ros2_ws/build/drone_project/build/lib/drone_project\n'}
[1.005066] (drone_project) StdoutLine: {'line': b'running install\n'}
[1.010671] (drone_project) StdoutLine: {'line': b'running install_lib\n'}
[1.026205] (drone_project) StdoutLine: {'line': b'copying /home/jorge/Documentos/GitHub/RobotsAereosYSubmarinos/proyecto_drone/ros2_ws/build/drone_project/build/lib/drone_project/isaac_json_backend.py -> /home/jorge/Documentos/GitHub/RobotsAereosYSubmarinos/proyecto_drone/ros2_ws/install/drone_project/lib/python3.12/site-packages/drone_project\n'}
[1.026939] (drone_project) StdoutLine: {'line': b'byte-compiling /home/jorge/Documentos/GitHub/RobotsAereosYSubmarinos/proyecto_drone/ros2_ws/install/drone_project/lib/python3.12/site-packages/drone_project/isaac_json_backend.py to isaac_json_backend.cpython-312.pyc\n'}
[1.028699] (drone_project) StdoutLine: {'line': b'running install_data\n'}
[1.028869] (drone_project) StdoutLine: {'line': b'running install_egg_info\n'}
[1.046188] (drone_project) StdoutLine: {'line': b"removing '/home/jorge/Documentos/GitHub/RobotsAereosYSubmarinos/proyecto_drone/ros2_ws/install/drone_project/lib/python3.12/site-packages/drone_project-0.0.0-py3.12.egg-info' (and everything under it)\n"}
[1.046501] (drone_project) StdoutLine: {'line': b'Copying ../../build/drone_project/drone_project.egg-info to /home/jorge/Documentos/GitHub/RobotsAereosYSubmarinos/proyecto_drone/ros2_ws/install/drone_project/lib/python3.12/site-packages/drone_project-0.0.0-py3.12.egg-info\n'}
[1.047410] (drone_project) StdoutLine: {'line': b'running install_scripts\n'}
[1.102988] (-) TimerEvent: {}
[1.159145] (drone_project) StdoutLine: {'line': b'Installing interface_node script to /home/jorge/Documentos/GitHub/RobotsAereosYSubmarinos/proyecto_drone/ros2_ws/install/drone_project/lib/drone_project\n'}
[1.159359] (drone_project) StdoutLine: {'line': b'Installing isaac_ardu_bridge script to /home/jorge/Documentos/GitHub/RobotsAereosYSubmarinos/proyecto_drone/ros2_ws/install/drone_project/lib/drone_project\n'}
[1.159479] (drone_project) StdoutLine: {'line': b'Installing isaac_json_backend script to /home/jorge/Documentos/GitHub/RobotsAereosYSubmarinos/proyecto_drone/ros2_ws/install/drone_project/lib/drone_project\n'}
[1.159571] (drone_project) StdoutLine: {'line': b'Installing mission_control_node script to /home/jorge/Documentos/GitHub/RobotsAereosYSubmarinos/proyecto_drone/ros2_ws/install/drone_project/lib/drone_project\n'}
[1.159863] (drone_project) StdoutLine: {'line': b"writing list of installed files to '/home/jorge/Documentos/GitHub/RobotsAereosYSubmarinos/proyecto_drone/ros2_ws/build/drone_project/install.log'\n"}
[1.201811] (drone_project) CommandEnded: {'returncode': 0}
[1.203121] (-) TimerEvent: {}
[1.210404] (drone_project) JobEnded: {'identifier': 'drone_project', 'rc': 0}
[1.210937] (-) EventReactorShutdown: {}
