[0.622s] Invoking command in '/home/jorge/Documentos/GitHub/RobotsAereosYSubmarinos/proyecto_drone/ros2_ws/src/drone_project': DEBUGINFOD_URLS=ima:enforcing https://debuginfod.fedoraproject.org/ ima:ignore PYTHONPATH=/home/jorge/Documentos/GitHub/RobotsAereosYSubmarinos/proyecto_drone/ros2_ws/build/drone_project/prefix_override:/usr/lib/python3/dist-packages/colcon_core/task/python/colcon_distutils_commands:/home/jorge/Documentos/GitHub/RobotsAereosYSubmarinos/proyecto_drone/ros2_ws/install/drone_project/lib/python3.12/site-packages:${PYTHONPATH} /usr/bin/python3 -W ignore:setup.py install is deprecated -W ignore:easy_install command is deprecated setup.py egg_info --egg-base ../../build/drone_project build --build-base /home/jorge/Documentos/GitHub/RobotsAereosYSubmarinos/proyecto_drone/ros2_ws/build/drone_project/build install --record /home/jorge/Documentos/GitHub/RobotsAereosYSubmarinos/proyecto_drone/ros2_ws/build/drone_project/install.log --single-version-externally-managed install_data
[0.812s] running egg_info
[0.826s] writing ../../build/drone_project/drone_project.egg-info/PKG-INFO
[0.826s] writing dependency_links to ../../build/drone_project/drone_project.egg-info/dependency_links.txt
[0.826s] writing entry points to ../../build/drone_project/drone_project.egg-info/entry_points.txt
[0.826s] writing requirements to ../../build/drone_project/drone_project.egg-info/requires.txt
[0.826s] writing top-level names to ../../build/drone_project/drone_project.egg-info/top_level.txt
[0.854s] reading manifest file '../../build/drone_project/drone_project.egg-info/SOURCES.txt'
[0.854s] adding license file 'LICENSE'
[0.854s] writing manifest file '../../build/drone_project/drone_project.egg-info/SOURCES.txt'
[0.854s] running build
[0.854s] running build_py
[0.855s] running install
[0.859s] running install_lib
[0.874s] running install_data
[0.874s] running install_egg_info
[0.888s] removing '/home/jorge/Documentos/GitHub/RobotsAereosYSubmarinos/proyecto_drone/ros2_ws/install/drone_project/lib/python3.12/site-packages/drone_project-0.0.0-py3.12.egg-info' (and everything under it)
[0.888s] Copying ../../build/drone_project/drone_project.egg-info to /home/jorge/Documentos/GitHub/RobotsAereosYSubmarinos/proyecto_drone/ros2_ws/install/drone_project/lib/python3.12/site-packages/drone_project-0.0.0-py3.12.egg-info
[0.890s] running install_scripts
[0.989s] Installing interface_node script to /home/jorge/Documentos/GitHub/RobotsAereosYSubmarinos/proyecto_drone/ros2_ws/install/drone_project/lib/drone_project
[0.989s] Installing isaac_ardu_bridge script to /home/jorge/Documentos/GitHub/RobotsAereosYSubmarinos/proyecto_drone/ros2_ws/install/drone_project/lib/drone_project
[0.989s] Installing isaac_json_backend script to /home/jorge/Documentos/GitHub/RobotsAereosYSubmarinos/proyecto_drone/ros2_ws/install/drone_project/lib/drone_project
[0.989s] Installing mission_control_node script to /home/jorge/Documentos/GitHub/RobotsAereosYSubmarinos/proyecto_drone/ros2_ws/install/drone_project/lib/drone_project
[0.989s] writing list of installed files to '/home/jorge/Documentos/GitHub/RobotsAereosYSubmarinos/proyecto_drone/ros2_ws/build/drone_project/install.log'
[1.019s] Invoked command in '/home/jorge/Documentos/GitHub/RobotsAereosYSubmarinos/proyecto_drone/ros2_ws/src/drone_project' returned '0': DEBUGINFOD_URLS=ima:enforcing https://debuginfod.fedoraproject.org/ ima:ignore PYTHONPATH=/home/jorge/Documentos/GitHub/RobotsAereosYSubmarinos/proyecto_drone/ros2_ws/build/drone_project/prefix_override:/usr/lib/python3/dist-packages/colcon_core/task/python/colcon_distutils_commands:/home/jorge/Documentos/GitHub/RobotsAereosYSubmarinos/proyecto_drone/ros2_ws/install/drone_project/lib/python3.12/site-packages:${PYTHONPATH} /usr/bin/python3 -W ignore:setup.py install is deprecated -W ignore:easy_install command is deprecated setup.py egg_info --egg-base ../../build/drone_project build --build-base /home/jorge/Documentos/GitHub/RobotsAereosYSubmarinos/proyecto_drone/ros2_ws/build/drone_project/build install --record /home/jorge/Documentos/GitHub/RobotsAereosYSubmarinos/proyecto_drone/ros2_ws/build/drone_project/install.log --single-version-externally-managed install_data
