[0.589s] Invoking command in '/home/jorge/Documentos/GitHub/RobotsAereosYSubmarinos/proyecto_drone/ros2_ws/src/drone_project': DEBUGINFOD_URLS=ima:enforcing https://debuginfod.fedoraproject.org/ ima:ignore PYTHONPATH=/home/jorge/Documentos/GitHub/RobotsAereosYSubmarinos/proyecto_drone/ros2_ws/build/drone_project/prefix_override:/usr/lib/python3/dist-packages/colcon_core/task/python/colcon_distutils_commands:/home/jorge/Documentos/GitHub/RobotsAereosYSubmarinos/proyecto_drone/ros2_ws/install/drone_project/lib/python3.12/site-packages:${PYTHONPATH} /usr/bin/python3 -W ignore:setup.py install is deprecated -W ignore:easy_install command is deprecated setup.py egg_info --egg-base ../../build/drone_project build --build-base /home/jorge/Documentos/GitHub/RobotsAereosYSubmarinos/proyecto_drone/ros2_ws/build/drone_project/build install --record /home/jorge/Documentos/GitHub/RobotsAereosYSubmarinos/proyecto_drone/ros2_ws/build/drone_project/install.log --single-version-externally-managed install_data
[0.767s] running egg_info
[0.779s] writing ../../build/drone_project/drone_project.egg-info/PKG-INFO
[0.779s] writing dependency_links to ../../build/drone_project/drone_project.egg-info/dependency_links.txt
[0.779s] writing entry points to ../../build/drone_project/drone_project.egg-info/entry_points.txt
[0.779s] writing requirements to ../../build/drone_project/drone_project.egg-info/requires.txt
[0.779s] writing top-level names to ../../build/drone_project/drone_project.egg-info/top_level.txt
[0.804s] reading manifest file '../../build/drone_project/drone_project.egg-info/SOURCES.txt'
[0.804s] adding license file 'LICENSE'
[0.805s] writing manifest file '../../build/drone_project/drone_project.egg-info/SOURCES.txt'
[0.805s] running build
[0.805s] running build_py
[0.805s] copying drone_project/isaac_json_backend.py -> /home/jorge/Documentos/GitHub/RobotsAereosYSubmarinos/proyecto_drone/ros2_ws/build/drone_project/build/lib/drone_project
[0.805s] running install
[0.810s] running install_lib
[0.824s] copying /home/jorge/Documentos/GitHub/RobotsAereosYSubmarinos/proyecto_drone/ros2_ws/build/drone_project/build/lib/drone_project/isaac_json_backend.py -> /home/jorge/Documentos/GitHub/RobotsAereosYSubmarinos/proyecto_drone/ros2_ws/install/drone_project/lib/python3.12/site-packages/drone_project
[0.824s] byte-compiling /home/jorge/Documentos/GitHub/RobotsAereosYSubmarinos/proyecto_drone/ros2_ws/install/drone_project/lib/python3.12/site-packages/drone_project/isaac_json_backend.py to isaac_json_backend.cpython-312.pyc
[0.826s] running install_data
[0.826s] running install_egg_info
[0.839s] removing '/home/jorge/Documentos/GitHub/RobotsAereosYSubmarinos/proyecto_drone/ros2_ws/install/drone_project/lib/python3.12/site-packages/drone_project-0.0.0-py3.12.egg-info' (and everything under it)
[0.840s] Copying ../../build/drone_project/drone_project.egg-info to /home/jorge/Documentos/GitHub/RobotsAereosYSubmarinos/proyecto_drone/ros2_ws/install/drone_project/lib/python3.12/site-packages/drone_project-0.0.0-py3.12.egg-info
[0.840s] running install_scripts
[0.929s] Installing interface_node script to /home/jorge/Documentos/GitHub/RobotsAereosYSubmarinos/proyecto_drone/ros2_ws/install/drone_project/lib/drone_project
[0.929s] Installing isaac_ardu_bridge script to /home/jorge/Documentos/GitHub/RobotsAereosYSubmarinos/proyecto_drone/ros2_ws/install/drone_project/lib/drone_project
[0.930s] Installing isaac_json_backend script to /home/jorge/Documentos/GitHub/RobotsAereosYSubmarinos/proyecto_drone/ros2_ws/install/drone_project/lib/drone_project
[0.930s] Installing mission_control_node script to /home/jorge/Documentos/GitHub/RobotsAereosYSubmarinos/proyecto_drone/ros2_ws/install/drone_project/lib/drone_project
[0.930s] writing list of installed files to '/home/jorge/Documentos/GitHub/RobotsAereosYSubmarinos/proyecto_drone/ros2_ws/build/drone_project/install.log'
[0.965s] Invoked command in '/home/jorge/Documentos/GitHub/RobotsAereosYSubmarinos/proyecto_drone/ros2_ws/src/drone_project' returned '0': DEBUGINFOD_URLS=ima:enforcing https://debuginfod.fedoraproject.org/ ima:ignore PYTHONPATH=/home/jorge/Documentos/GitHub/RobotsAereosYSubmarinos/proyecto_drone/ros2_ws/build/drone_project/prefix_override:/usr/lib/python3/dist-packages/colcon_core/task/python/colcon_distutils_commands:/home/jorge/Documentos/GitHub/RobotsAereosYSubmarinos/proyecto_drone/ros2_ws/install/drone_project/lib/python3.12/site-packages:${PYTHONPATH} /usr/bin/python3 -W ignore:setup.py install is deprecated -W ignore:easy_install command is deprecated setup.py egg_info --egg-base ../../build/drone_project build --build-base /home/jorge/Documentos/GitHub/RobotsAereosYSubmarinos/proyecto_drone/ros2_ws/build/drone_project/build install --record /home/jorge/Documentos/GitHub/RobotsAereosYSubmarinos/proyecto_drone/ros2_ws/build/drone_project/install.log --single-version-externally-managed install_data
